<?xml version="1.0" encoding="UTF-8"?>
<!-- Generated by org.testng.reporters.JUnitReportReporter -->
<testsuite hostname="DESKTOP-KIJ7GJU" failures="0" tests="5" name="test.NewTest" time="0.508" errors="0" timestamp="2022-02-26T00:46:57 SGT" skipped="0">
  <testcase classname="test.NewTest" name="checkLoginButton" time="0.158"/>
  <system-out/>
  <testcase classname="test.NewTest" name="checkRegisterButton" time="0.064"/>
  <system-out/>
  <testcase classname="test.NewTest" name="checkContent" time="0.165"/>
  <system-out/>
  <testcase classname="test.NewTest" name="checkTitle" time="0.018"/>
  <system-out/>
  <testcase classname="test.NewTest" name="checkFooter" time="0.103"/>
  <system-out/>
</testsuite> <!-- test.NewTest -->
